[ERROR] [ERROR] Some problems were encountered while processing the POMs:
[ERROR] 'dependencies.dependency.version' for org.testcontainers:junit-jupiter:jar is missing. @ line 79, column 15
[ERROR] 'dependencies.dependency.version' for org.testcontainers:postgresql:jar is missing. @ line 86, column 16
 @ 
[ERROR] The build could not read 1 project -> [Help 1]
[ERROR]   
[ERROR]   The project com.company:plutus:0.0.1-SNAPSHOT (/mnt/c/Users/ihsen/plutus/pom.xml) has 2 errors
[ERROR]     'dependencies.dependency.version' for org.testcontainers:junit-jupiter:jar is missing. @ line 79, column 15
[ERROR]     'dependencies.dependency.version' for org.testcontainers:postgresql:jar is missing. @ line 86, column 16
[ERROR] 
[ERROR] To see the full stack trace of the errors, re-run Maven with the -e switch.
[ERROR] Re-run Maven using the -X switch to enable full debug logging.
[ERROR] 
[ERROR] For more information about the errors and possible solutions, please read the following articles:
[ERROR] [Help 1] http://cwiki.apache.org/confluence/display/MAVEN/ProjectBuildingException
